Array
(
    [department_name] => Test2
)

Array
(
    [status] => error
    [error] => Traceback (most recent call last):
  File "/home/frappe/frappe-bench/apps/frappe/frappe/app.py", line 67, in application
    response = frappe.api.handle()
  File "/home/frappe/frappe-bench/apps/frappe/frappe/api.py", line 119, in handle
    "data": frappe.get_doc(data).insert().as_dict()
  File "/home/frappe/frappe-bench/apps/frappe/frappe/model/document.py", line 236, in insert
    raise e
DuplicateEntryError: (u'Department', u'Test2', IntegrityError(1062, u"Duplicate entry 'Test2' for key 'PRIMARY'"))

)

Array
(
    [department_name] => Opthalmology
)

Array
(
    [status] => success
    [key] => Opthalmology
)

Array
(
    [department_name] => Cardiology
)

Array
(
    [status] => success
    [key] => Cardiology
)

Array
(
    [department_name] => Pediatric
)

Array
(
    [status] => success
    [key] => Pediatric
)

Array
(
    [first_name] => Dhaval
    [middle_name] => Mahesh
    [last_name] => Shah
)

Array
(
    [status] => error
    [error] => UnCaught error occured
)

