Sending Patients to ERPNext
Error while Updating Physician :Dhaval Mahesh Shah
Array
(
    [first_name] => Dhaval
    [middle_name] => Mahesh
    [last_name] => Shah
)

Array
(
    [status] => error
    [error] => UnCaught error occured
)

Error while Inserting Item :Test2
Array
(
    [item_code] => 2
    [item_name] => Test2
    [item_group] => Products
)

Array
(
    [status] => error
    [error] => Traceback (most recent call last):
  File "/home/frappe/frappe-bench/apps/frappe/frappe/app.py", line 67, in application
    response = frappe.api.handle()
  File "/home/frappe/frappe-bench/apps/frappe/frappe/api.py", line 119, in handle
    "data": frappe.get_doc(data).insert().as_dict()
  File "/home/frappe/frappe-bench/apps/frappe/frappe/model/document.py", line 236, in insert
    raise e
DuplicateEntryError: (u'Item', u'2', IntegrityError(1062, u"Duplicate entry '2' for key 'PRIMARY'"))

)

Inserted Item : Test
