Array
(
    [first_name] => Dhaval
    [middle_name] => 
    [last_name] => Shah
)

Array
(
    [status] => success
    [key] => Dhaval Shah
)

Array
(
    [first_name] => Mahesh
    [middle_name] => 
    [last_name] => Shah
)

Array
(
    [status] => success
    [key] => Mahesh Shah
)

Array
(
    [first_name] => Aksash
    [middle_name] => 
    [last_name] => Shah
)

Array
(
    [status] => success
    [key] => Aksash Shah
)

Array
(
    [first_name] => Dhara
    [middle_name] => 
    [last_name] => Shah
)

Array
(
    [status] => success
    [key] => Dhara Shah
)

